<?xml version="1.0" encoding="UTF-8"?>
<!-- Generated by org.testng.reporters.JUnitXMLReporter -->
<testsuite hostname="DESKTOP-5RCO591" name="Surefire test" tests="4" failures="2" timestamp="22 Oct 2021 14:08:13 GMT" time="0.218" errors="0">
  <testcase name="validarResultadoSumaExitoso" time="0.004" classname="semillero.pruebasUnitarias.OperacionesAritmeticasTest"/>
  <testcase name="validarResultadoSumaFallido" time="0.001" classname="semillero.pruebasUnitarias.OperacionesAritmeticasTest"/>
  <testcase name="comprobarListadoComicsActivos" time="0.137" classname="semillero.pruebasUnitarias.OperacionesComicsTest">
    <failure type="junit.framework.AssertionFailedError" message="expected:&amp;lt;ACTIVO&amp;gt; but was:&amp;lt;ACTIVO&amp;gt;">
      <![CDATA[junit.framework.AssertionFailedError: expected:<ACTIVO> but was:<ACTIVO>
	at junit.framework.Assert.fail(Assert.java:50)
	at junit.framework.Assert.failNotEquals(Assert.java:287)
	at junit.framework.Assert.assertEquals(Assert.java:67)
	at junit.framework.Assert.assertEquals(Assert.java:74)
	at semillero.pruebasUnitarias.OperacionesComicsTest.comprobarListadoComicsActivos(OperacionesComicsTest.java:77)
	at org.apache.maven.surefire.testng.TestNGExecutor.run(TestNGExecutor.java:135)
	at org.apache.maven.surefire.testng.TestNGDirectoryTestSuite.executeMulti(TestNGDirectoryTestSuite.java:193)
	at org.apache.maven.surefire.testng.TestNGDirectoryTestSuite.execute(TestNGDirectoryTestSuite.java:94)
	at org.apache.maven.surefire.testng.TestNGProvider.invoke(TestNGProvider.java:146)
	at org.apache.maven.surefire.booter.ForkedBooter.invokeProviderInSameClassLoader(ForkedBooter.java:379)
	at org.apache.maven.surefire.booter.ForkedBooter.runSuitesInProcess(ForkedBooter.java:340)
	at org.apache.maven.surefire.booter.ForkedBooter.execute(ForkedBooter.java:125)
	at org.apache.maven.surefire.booter.ForkedBooter.main(ForkedBooter.java:413)
... Removed 21 stack frames]]>
    </failure>
  </testcase> <!-- comprobarListadoComicsActivos -->
  <testcase name="comprobarListadoComicsInactivos" time="0.001" classname="semillero.pruebasUnitarias.OperacionesComicsTest">
    <failure type="junit.framework.AssertionFailedError" message="expected:&amp;lt;INACTIVO&amp;gt; but was:&amp;lt;INACTIVO&amp;gt;">
      <![CDATA[junit.framework.AssertionFailedError: expected:<INACTIVO> but was:<INACTIVO>
	at junit.framework.Assert.fail(Assert.java:50)
	at junit.framework.Assert.failNotEquals(Assert.java:287)
	at junit.framework.Assert.assertEquals(Assert.java:67)
	at junit.framework.Assert.assertEquals(Assert.java:74)
	at semillero.pruebasUnitarias.OperacionesComicsTest.comprobarListadoComicsInactivos(OperacionesComicsTest.java:127)
	at org.apache.maven.surefire.testng.TestNGExecutor.run(TestNGExecutor.java:135)
	at org.apache.maven.surefire.testng.TestNGDirectoryTestSuite.executeMulti(TestNGDirectoryTestSuite.java:193)
	at org.apache.maven.surefire.testng.TestNGDirectoryTestSuite.execute(TestNGDirectoryTestSuite.java:94)
	at org.apache.maven.surefire.testng.TestNGProvider.invoke(TestNGProvider.java:146)
	at org.apache.maven.surefire.booter.ForkedBooter.invokeProviderInSameClassLoader(ForkedBooter.java:379)
	at org.apache.maven.surefire.booter.ForkedBooter.runSuitesInProcess(ForkedBooter.java:340)
	at org.apache.maven.surefire.booter.ForkedBooter.execute(ForkedBooter.java:125)
	at org.apache.maven.surefire.booter.ForkedBooter.main(ForkedBooter.java:413)
... Removed 21 stack frames]]>
    </failure>
  </testcase> <!-- comprobarListadoComicsInactivos -->
</testsuite> <!-- Surefire test -->
